Added Component: Designator=C1(C1206)
Added Component: Designator=C2(C1206)
Added Component: Designator=PIn(HDR1X2)
Added Component: Designator=Pot1(HDR1X2)
Added Component: Designator=Pot2(HDR1X2)
Added Component: Designator=Q1(SOT-23B_M)
Added Component: Designator=Q2(TO-226-AA)
Added Component: Designator=Q?(ONSC-TO-126ML-3-77AC)
Added Component: Designator=R1(J1-0603)
Added Component: Designator=R2(J1-0603)
Added Component: Designator=Strb(HDR1X2)
Added Component: Designator=U1(N08E)
Added Component: Designator=U2(N08E)
Added Pin To Net: NetName=GND Pin=C1-1
Added Pin To Net: NetName=GND Pin=C2-1
Added Pin To Net: NetName=GND Pin=PIn-2
Added Pin To Net: NetName=GND Pin=Strb-2
Added Pin To Net: NetName=GND Pin=U1-1
Added Pin To Net: NetName=GND Pin=U2-1
Added Net: Name=GND
Added Pin To Net: NetName=NetC1_2 Pin=C1-2
Added Pin To Net: NetName=NetC1_2 Pin=Pot1-2
Added Pin To Net: NetName=NetC1_2 Pin=U1-2
Added Pin To Net: NetName=NetC1_2 Pin=U1-6
Added Net: Name=NetC1_2
Added Pin To Net: NetName=NetC2_2 Pin=C2-2
Added Pin To Net: NetName=NetC2_2 Pin=Pot2-2
Added Pin To Net: NetName=NetC2_2 Pin=U2-6
Added Pin To Net: NetName=NetC2_2 Pin=U2-7
Added Net: Name=NetC2_2
Added Pin To Net: NetName=NetPot1_1 Pin=Pot1-1
Added Pin To Net: NetName=NetPot1_1 Pin=R2-2
Added Net: Name=NetPot1_1
Added Pin To Net: NetName=NetQ1_2 Pin=Q1-2
Added Pin To Net: NetName=NetQ1_2 Pin=Q2-2
Added Pin To Net: NetName=NetQ1_2 Pin=Q?-3
Added Pin To Net: NetName=NetQ1_2 Pin=U2-3
Added Net: Name=NetQ1_2
Added Pin To Net: NetName=NetQ1_3 Pin=Q1-3
Added Pin To Net: NetName=NetQ1_3 Pin=Q2-3
Added Pin To Net: NetName=NetQ1_3 Pin=Q?-1
Added Pin To Net: NetName=NetQ1_3 Pin=Strb-1
Added Net: Name=NetQ1_3
Added Pin To Net: NetName=NetR1_1 Pin=R1-1
Added Pin To Net: NetName=NetR1_1 Pin=R2-1
Added Pin To Net: NetName=NetR1_1 Pin=U1-7
Added Net: Name=NetR1_1
Added Pin To Net: NetName=NetU1_3 Pin=U1-3
Added Pin To Net: NetName=NetU1_3 Pin=U2-2
Added Pin To Net: NetName=NetU1_3 Pin=U2-4
Added Net: Name=NetU1_3
Added Pin To Net: NetName=VCC Pin=PIn-1
Added Pin To Net: NetName=VCC Pin=Pot2-1
Added Pin To Net: NetName=VCC Pin=Q1-1
Added Pin To Net: NetName=VCC Pin=Q2-1
Added Pin To Net: NetName=VCC Pin=Q?-2
Added Pin To Net: NetName=VCC Pin=R1-2
Added Pin To Net: NetName=VCC Pin=U1-4
Added Pin To Net: NetName=VCC Pin=U1-8
Added Pin To Net: NetName=VCC Pin=U2-8
Added Net: Name=VCC
Added Class: Name=VariableStoboscope_Rev1.1
Added Room: Name=VariableStoboscope_Rev1.1
